New log file opened at Mon Oct 24 08:50:14 COT 2016 by 11484@Sebastian-PC
Sending msg to client activator-56c9d71e-517e-4f9f-9a5c-2053634913d1: DetachedLogEvent(LogMessage(debug,sbt server socket logs are in: C:\Users\Sebastián\hello-play-java\.sbtserver\connections\master.log))
Sending msg to client activator-56c9d71e-517e-4f9f-9a5c-2053634913d1: DetachedLogEvent(LogMessage(debug,sbt general server logs are in: C:\Users\Sebastián\hello-play-java\.sbtserver\master.log))
Sending msg to client activator-56c9d71e-517e-4f9f-9a5c-2053634913d1: DetachedLogEvent(LogMessage(debug,sbt client logs are in: C:\Users\Sebastián\hello-play-java\.sbtserver\connections\activator-56c9d71e-517e-4f9f-9a5c-2053634913d1.log))
Reading next message from client.
Got request: ListenToEvents()
Reading next message from client.
Got request: ListenToBuildChange()
Reading next message from client.
Got request: SendSyntheticBuildChanged()
Reading next message from client.
Got request: KeyLookupRequest(discoveredMainClasses)
Reading next message from client.
Got request: KeyLookupRequest(mainClass)
Reading next message from client.
Sending msg to client activator-56c9d71e-517e-4f9f-9a5c-2053634913d1: (3,ReceivedResponse())
Got request: KillServerRequest()
Reading next message from client.
Got request: ExecutionRequest(compile)
Reading next message from client.
Client activator-56c9d71e-517e-4f9f-9a5c-2053634913d1 closed, java.net.SocketException: Socket closed, shutting down
Client activator-56c9d71e-517e-4f9f-9a5c-2053634913d1 thread exiting.
Dropping message (0,ReceivedResponse()) to dead client activator-56c9d71e-517e-4f9f-9a5c-2053634913d1
Closing the 11484@Sebastian-PC logs at Mon Oct 24 09:09:12 COT 2016, goodbye.
