New log file opened at Mon Oct 24 10:55:48 COT 2016 by 1876@MARCELO-PC
Taking next connection to: 50014
New client attempting to connect on port: 50015-50014
  Address = /192.168.1.3:50014
This client on port 50015 has uuid 06e3ff28-3c7c-482b-ad00-06f82af2ae1a configName activator humanReadableName Activator protocolVersion 3 featureTags Vector()
Connected Clients: activator-06e3ff28-3c7c-482b-ad00-06f82af2ae1a
Taking next connection to: 50014
Checking to see if clients are empty...
We have 1 non-daemon clients, continuing serving connections.
Taking next connection to: 50014
Checking to see if clients are empty...
We have 1 non-daemon clients, continuing serving connections.
Taking next connection to: 50014
Checking to see if clients are empty...
We have 1 non-daemon clients, continuing serving connections.
Taking next connection to: 50014
Checking to see if clients are empty...
We have 1 non-daemon clients, continuing serving connections.
Taking next connection to: 50014
Checking to see if clients are empty...
No non-daemon clients connected after 3 min. Shutting down.
Server socket thread exiting.
0 clients open, will close them...
All client sockets have been closed.
Closing the 1876@MARCELO-PC logs at Mon Oct 24 11:10:52 COT 2016, goodbye.
