New log file opened at Mon Oct 24 11:22:58 COT 2016 by 8712@Sebastian-PC
jvm 8712@Sebastian-PC
jvm vmName=Java HotSpot(TM) 64-Bit Server VM vmVendor=Oracle Corporation vmVersion=25.51-b03
jvm specName=Java Virtual Machine Specification specVendor=Oracle Corporation specVersion=1.8
jvm arguments: [-Xms256m, -Xmx1024m, -XX:MetaspaceSize=64m, -XX:MaxMetaspaceSize=256m]
Starting event engine
Starting sbt command engine
Waiting for sbt command engine
Command engine arguments=List()
Command engine baseDirectory=C:\Users\Sebastián\hello-play-java\DP1-Sistema
Command engine initial remaining commands List(--initialize, onFailure load-failed, boot, server-send-ready-for-request, server-handle-next-server-request)
> --initialize
> initialize
> onFailure load-failed
> boot
> reload
[Loading] Scanning directory C:\Users\Sebastián\hello-play-java\DP1-Sistema\project
[Loading] Found non-root projects 
[Loading] Done in C:\Users\Sebastián\hello-play-java\DP1-Sistema\project, returning: ()
deducing auto plugins based on known facts Set(Atom(sbt.plugins.CorePlugin)) and clauses Clauses(List(Clause(Atom(sbt.plugins.JvmPlugin),Set(Atom(sbt.plugins.IvyPlugin))), Clause(Atom(sbt.plugins.JUnitXmlReportPlugin),Set(Atom(sbt.plugins.JvmPlugin))), Clause(Atom(sbt.plugins.CorePlugin),Set(Atom(sbt.plugins.IvyPlugin))), Clause(Atom(sbt.plugins.IvyPlugin),Set(Atom(sbt.plugins.JvmPlugin))), Clause(Atom(sbt.plugins.JvmPlugin),Set(Atom(sbt.plugins.JUnitXmlReportPlugin)))))
  :: deduced result: Matched(sbt.plugins.CorePlugin,sbt.plugins.IvyPlugin,sbt.plugins.JvmPlugin,sbt.plugins.JUnitXmlReportPlugin)
sorting: ns: List(sbt.plugins.CorePlugin, sbt.plugins.IvyPlugin, sbt.plugins.JvmPlugin, sbt.plugins.JUnitXmlReportPlugin)
  :: sorting:: found: List(sbt.plugins.CorePlugin) not found List(sbt.plugins.IvyPlugin, sbt.plugins.JvmPlugin, sbt.plugins.JUnitXmlReportPlugin)
  :: sorting:: found: List(sbt.plugins.CorePlugin, sbt.plugins.IvyPlugin) not found List(sbt.plugins.JvmPlugin, sbt.plugins.JUnitXmlReportPlugin)
  :: sorting:: found: List(sbt.plugins.CorePlugin, sbt.plugins.IvyPlugin, sbt.plugins.JvmPlugin) not found List(sbt.plugins.JUnitXmlReportPlugin)
  :: sorting:: found: List(sbt.plugins.CorePlugin, sbt.plugins.IvyPlugin, sbt.plugins.JvmPlugin, sbt.plugins.JUnitXmlReportPlugin) not found List()
  :: sorted deduced result: List(sbt.plugins.CorePlugin, sbt.plugins.IvyPlugin, sbt.plugins.JvmPlugin, sbt.plugins.JUnitXmlReportPlugin)
[Loading] Done in C:\Users\Sebastián\hello-play-java\DP1-Sistema\project, returning: (dp1-sistema-build)
Loading project definition from C:\Users\Sebastián\hello-play-java\DP1-Sistema\project
Running task... Cancel: sbt.TaskCancellationStrategy$Null$@22ae3338, check cycles: false

Initial source changes: 
	removed:Set()
	added: Set()
	modified: Set()
Removed products: Set()
External API changes: API Changes: Set()
Modified binary dependencies: Set()
Initial directly invalidated sources: Set()

Sources indirectly invalidated by:
	product: Set()
	binary dep: Set()
	external source: Set()
All initially invalidated sources: Set()

Copy resource mappings: 
	
[Loading] Scanning directory C:\Users\Sebastián\hello-play-java\DP1-Sistema
[Loading] Found non-root projects 
[Loading] Done in C:\Users\Sebastián\hello-play-java\DP1-Sistema, returning: ()
deducing auto plugins based on known facts Set(Atom(sbt.plugins.CorePlugin)) and clauses Clauses(List(Clause(Atom(sbt.plugins.JvmPlugin),Set(Atom(sbt.plugins.IvyPlugin))), Clause(Atom(sbt.plugins.JUnitXmlReportPlugin),Set(Atom(sbt.plugins.JvmPlugin))), Clause(Atom(sbt.plugins.BackgroundRunPlugin),Set(Atom(sbt.plugins.JvmPlugin))), Clause(Atom(sbt.plugins.CorePlugin),Set(Atom(sbt.plugins.IvyPlugin))), Clause(Atom(sbt.plugins.IvyPlugin),Set(Atom(sbt.plugins.JvmPlugin))), Clause(Atom(sbt.plugins.JvmPlugin),Set(Atom(sbt.plugins.JUnitXmlReportPlugin))), Clause(Atom(sbt.plugins.JvmPlugin),Set(Atom(sbt.plugins.BackgroundRunPlugin))), Clause(Atom(sbt.plugins.CorePlugin),Set(Atom(sbt.plugins.InteractionServicePlugin))), Clause(Atom(sbt.plugins.CorePlugin),Set(Atom(sbt.plugins.SendEventServicePlugin))), Clause(Atom(sbt.plugins.CorePlugin),Set(Atom(sbt.plugins.SerializersPlugin)))))
  :: deduced result: Matched(sbt.plugins.CorePlugin,sbt.plugins.SerializersPlugin,sbt.plugins.SendEventServicePlugin,sbt.plugins.InteractionServicePlugin,sbt.plugins.IvyPlugin,sbt.plugins.JvmPlugin,sbt.plugins.BackgroundRunPlugin,sbt.plugins.JUnitXmlReportPlugin)
sorting: ns: List(sbt.plugins.CorePlugin, sbt.plugins.SerializersPlugin, sbt.plugins.SendEventServicePlugin, sbt.plugins.InteractionServicePlugin, sbt.plugins.IvyPlugin, sbt.plugins.JvmPlugin, sbt.plugins.BackgroundRunPlugin, sbt.plugins.JUnitXmlReportPlugin)
  :: sorting:: found: List(sbt.plugins.CorePlugin) not found List(sbt.plugins.SerializersPlugin, sbt.plugins.SendEventServicePlugin, sbt.plugins.InteractionServicePlugin, sbt.plugins.IvyPlugin, sbt.plugins.JvmPlugin, sbt.plugins.BackgroundRunPlugin, sbt.plugins.JUnitXmlReportPlugin)
  :: sorting:: found: List(sbt.plugins.CorePlugin, sbt.plugins.SerializersPlugin, sbt.plugins.SendEventServicePlugin, sbt.plugins.InteractionServicePlugin, sbt.plugins.IvyPlugin) not found List(sbt.plugins.JvmPlugin, sbt.plugins.BackgroundRunPlugin, sbt.plugins.JUnitXmlReportPlugin)
  :: sorting:: found: List(sbt.plugins.CorePlugin, sbt.plugins.SerializersPlugin, sbt.plugins.SendEventServicePlugin, sbt.plugins.InteractionServicePlugin, sbt.plugins.IvyPlugin, sbt.plugins.JvmPlugin) not found List(sbt.plugins.BackgroundRunPlugin, sbt.plugins.JUnitXmlReportPlugin)
  :: sorting:: found: List(sbt.plugins.CorePlugin, sbt.plugins.SerializersPlugin, sbt.plugins.SendEventServicePlugin, sbt.plugins.InteractionServicePlugin, sbt.plugins.IvyPlugin, sbt.plugins.JvmPlugin, sbt.plugins.BackgroundRunPlugin, sbt.plugins.JUnitXmlReportPlugin) not found List()
  :: sorted deduced result: List(sbt.plugins.CorePlugin, sbt.plugins.SerializersPlugin, sbt.plugins.SendEventServicePlugin, sbt.plugins.InteractionServicePlugin, sbt.plugins.IvyPlugin, sbt.plugins.JvmPlugin, sbt.plugins.BackgroundRunPlugin, sbt.plugins.JUnitXmlReportPlugin)
[Loading] Done in C:\Users\Sebastián\hello-play-java\DP1-Sistema, returning: (dp1-sistema)
Set current project to hello-play-java (in build file:/C:/Users/Sebasti%C3%A1n/hello-play-java/DP1-Sistema/)
Reapplying settings...
Set current project to hello-play-java (in build file:/C:/Users/Sebasti%C3%A1n/hello-play-java/DP1-Sistema/)
> iflast shell
> server-send-ready-for-request
> server-handle-next-server-request
> compile
Evaluating tasks: compile:compile
Running task... Cancel: sbt.server.ServerTaskCancellation@14ba26a3, check cycles: false

Initial source changes: 
	removed:Set()
	added: Set()
	modified: Set()
Removed products: Set()
External API changes: API Changes: Set()
Modified binary dependencies: Set()
Initial directly invalidated sources: Set()

Sources indirectly invalidated by:
	product: Set()
	binary dep: Set()
	external source: Set()
All initially invalidated sources: Set()

Total time: 1 s, completed 24/10/2016 11:23:03 AM
> server-post-command-cleanup
> server-handle-next-server-request
> {file:/C:/Users/Sebasti%C3%A1n/hello-play-java/DP1-Sistema/}dp1-sistema/compile:discoveredMainClasses
Evaluating tasks: compile:discoveredMainClasses
Running task... Cancel: sbt.server.ServerTaskCancellation@15b24c15, check cycles: false

Initial source changes: 
	removed:Set()
	added: Set()
	modified: Set()
Removed products: Set()
External API changes: API Changes: Set()
Modified binary dependencies: Set()
Initial directly invalidated sources: Set()

Sources indirectly invalidated by:
	product: Set()
	binary dep: Set()
	external source: Set()
All initially invalidated sources: Set()

Total time: 0 s, completed 24/10/2016 11:23:03 AM
> server-post-command-cleanup
> server-handle-next-server-request
> {file:/C:/Users/Sebasti%C3%A1n/hello-play-java/DP1-Sistema/}dp1-sistema/compile:mainClass
Evaluating tasks: compile:mainClass
Running task... Cancel: sbt.server.ServerTaskCancellation@23146c87, check cycles: false
Total time: 0 s, completed 24/10/2016 11:23:03 AM
> server-post-command-cleanup
> server-handle-next-server-request
> {file:/C:/Users/Sebasti%C3%A1n/hello-play-java/DP1-Sistema/}dp1-sistema/compile:discoveredMainClasses
Evaluating tasks: compile:discoveredMainClasses
Running task... Cancel: sbt.server.ServerTaskCancellation@1a7b46fc, check cycles: false

Initial source changes: 
	removed:Set()
	added: Set()
	modified: Set()
Removed products: Set()
External API changes: API Changes: Set()
Modified binary dependencies: Set()
Initial directly invalidated sources: Set()

Sources indirectly invalidated by:
	product: Set()
	binary dep: Set()
	external source: Set()
All initially invalidated sources: Set()

Total time: 0 s, completed 24/10/2016 11:23:04 AM
> server-post-command-cleanup
> server-handle-next-server-request
> backgroundRun
Evaluating tasks: compile:backgroundRun
Running task... Cancel: sbt.server.ServerTaskCancellation@30662689, check cycles: false

Initial source changes: 
	removed:Set()
	added: Set()
	modified: Set()
Removed products: Set()
External API changes: API Changes: Set()
Modified binary dependencies: Set()
Initial directly invalidated sources: Set()

Sources indirectly invalidated by:
	product: Set()
	binary dep: Set()
	external source: Set()
All initially invalidated sources: Set()

Copy resource mappings: 
	(C:\Users\Sebastián\hello-play-java\DP1-Sistema\conf\application.conf,C:\Users\Sebastián\hello-play-java\DP1-Sistema\target\scala-2.10\classes\application.conf)
	(C:\Users\Sebastián\hello-play-java\DP1-Sistema\conf\routes,C:\Users\Sebastián\hello-play-java\DP1-Sistema\target\scala-2.10\classes\routes)
Copy play resource mappings: 
	(C:\Users\Sebastián\hello-play-java\DP1-Sistema\public\.htaccess,C:\Users\Sebastián\hello-play-java\DP1-Sistema\target\scala-2.10\classes\public\.htaccess)
	(C:\Users\Sebastián\hello-play-java\DP1-Sistema\public\favicon.ico,C:\Users\Sebastián\hello-play-java\DP1-Sistema\target\scala-2.10\classes\public\favicon.ico)
	(C:\Users\Sebastián\hello-play-java\DP1-Sistema\public\index.php,C:\Users\Sebastián\hello-play-java\DP1-Sistema\target\scala-2.10\classes\public\index.php)
	(C:\Users\Sebastián\hello-play-java\DP1-Sistema\public\robots.txt,C:\Users\Sebastián\hello-play-java\DP1-Sistema\target\scala-2.10\classes\public\robots.txt)
	(C:\Users\Sebastián\hello-play-java\DP1-Sistema\public\web.config,C:\Users\Sebastián\hello-play-java\DP1-Sistema\target\scala-2.10\classes\public\web.config)
	(C:\Users\Sebastián\hello-play-java\DP1-Sistema\public\css\bootstrap-datepicker.css,C:\Users\Sebastián\hello-play-java\DP1-Sistema\target\scala-2.10\classes\public\css\bootstrap-datepicker.css)
	(C:\Users\Sebastián\hello-play-java\DP1-Sistema\public\css\bootstrap-datepicker.css.map,C:\Users\Sebastián\hello-play-java\DP1-Sistema\target\scala-2.10\classes\public\css\bootstrap-datepicker.css.map)
	(C:\Users\Sebastián\hello-play-java\DP1-Sistema\public\css\bootstrap-datepicker.min.css,C:\Users\Sebastián\hello-play-java\DP1-Sistema\target\scala-2.10\classes\public\css\bootstrap-datepicker.min.css)
	(C:\Users\Sebastián\hello-play-java\DP1-Sistema\public\css\bootstrap-datepicker.min.css.map,C:\Users\Sebastián\hello-play-java\DP1-Sistema\target\scala-2.10\classes\public\css\bootstrap-datepicker.min.css.map)
	(C:\Users\Sebastián\hello-play-java\DP1-Sistema\public\css\bootstrap-datepicker.standalone.css,C:\Users\Sebastián\hello-play-java\DP1-Sistema\target\scala-2.10\classes\public\css\bootstrap-datepicker.standalone.css)
	(C:\Users\Sebastián\hello-play-java\DP1-Sistema\public\css\bootstrap-datepicker.standalone.css.map,C:\Users\Sebastián\hello-play-java\DP1-Sistema\target\scala-2.10\classes\public\css\bootstrap-datepicker.standalone.css.map)
	(C:\Users\Sebastián\hello-play-java\DP1-Sistema\public\css\bootstrap-datepicker.standalone.min.css,C:\Users\Sebastián\hello-play-java\DP1-Sistema\target\scala-2.10\classes\public\css\bootstrap-datepicker.standalone.min.css)
	(C:\Users\Sebastián\hello-play-java\DP1-Sistema\public\css\bootstrap-datepicker.standalone.min.css.map,C:\Users\Sebastián\hello-play-java\DP1-Sistema\target\scala-2.10\classes\public\css\bootstrap-datepicker.standalone.min.css.map)
	(C:\Users\Sebastián\hello-play-java\DP1-Sistema\public\css\bootstrap-datepicker3.css,C:\Users\Sebastián\hello-play-java\DP1-Sistema\target\scala-2.10\classes\public\css\bootstrap-datepicker3.css)
	(C:\Users\Sebastián\hello-play-java\DP1-Sistema\public\css\bootstrap-datepicker3.css.map,C:\Users\Sebastián\hello-play-java\DP1-Sistema\target\scala-2.10\classes\public\css\bootstrap-datepicker3.css.map)
	(C:\Users\Sebastián\hello-play-java\DP1-Sistema\public\css\bootstrap-datepicker3.min.css,C:\Users\Sebastián\hello-play-java\DP1-Sistema\target\scala-2.10\classes\public\css\bootstrap-datepicker3.min.css)
	(C:\Users\Sebastián\hello-play-java\DP1-Sistema\public\css\bootstrap-datepicker3.min.css.map,C:\Users\Sebastián\hello-play-java\DP1-Sistema\target\scala-2.10\classes\public\css\bootstrap-datepicker3.min.css.map)
	(C:\Users\Sebastián\hello-play-java\DP1-Sistema\public\css\bootstrap-datepicker3.standalone.css,C:\Users\Sebastián\hello-play-java\DP1-Sistema\target\scala-2.10\classes\public\css\bootstrap-datepicker3.standalone.css)
	(C:\Users\Sebastián\hello-play-java\DP1-Sistema\public\css\bootstrap-datepicker3.standalone.css.map,C:\Users\Sebastián\hello-play-java\DP1-Sistema\target\scala-2.10\classes\public\css\bootstrap-datepicker3.standalone.css.map)
	(C:\Users\Sebastián\hello-play-java\DP1-Sistema\public\css\bootstrap-datepicker3.standalone.min.css,C:\Users\Sebastián\hello-play-java\DP1-Sistema\target\scala-2.10\classes\public\css\bootstrap-datepicker3.standalone.min.css)
	(C:\Users\Sebastián\hello-play-java\DP1-Sistema\public\css\bootstrap-datepicker3.standalone.min.css.map,C:\Users\Sebastián\hello-play-java\DP1-Sistema\target\scala-2.10\classes\public\css\bootstrap-datepicker3.standalone.min.css.map)
	(C:\Users\Sebastián\hello-play-java\DP1-Sistema\public\css\bootstrap-theme.css,C:\Users\Sebastián\hello-play-java\DP1-Sistema\target\scala-2.10\classes\public\css\bootstrap-theme.css)
	(C:\Users\Sebastián\hello-play-java\DP1-Sistema\public\css\bootstrap-theme.css.map,C:\Users\Sebastián\hello-play-java\DP1-Sistema\target\scala-2.10\classes\public\css\bootstrap-theme.css.map)
	(C:\Users\Sebastián\hello-play-java\DP1-Sistema\public\css\bootstrap-theme.min.css,C:\Users\Sebastián\hello-play-java\DP1-Sistema\target\scala-2.10\classes\public\css\bootstrap-theme.min.css)
	(C:\Users\Sebastián\hello-play-java\DP1-Sistema\public\css\bootstrap-theme.min.css.map,C:\Users\Sebastián\hello-play-java\DP1-Sistema\target\scala-2.10\classes\public\css\bootstrap-theme.min.css.map)
	(C:\Users\Sebastián\hello-play-java\DP1-Sistema\public\css\bootstrap.css,C:\Users\Sebastián\hello-play-java\DP1-Sistema\target\scala-2.10\classes\public\css\bootstrap.css)
	(C:\Users\Sebastián\hello-play-java\DP1-Sistema\public\css\bootstrap.css.map,C:\Users\Sebastián\hello-play-java\DP1-Sistema\target\scala-2.10\classes\public\css\bootstrap.css.map)
	(C:\Users\Sebastián\hello-play-java\DP1-Sistema\public\css\bootstrap.min.css,C:\Users\Sebastián\hello-play-java\DP1-Sistema\target\scala-2.10\classes\public\css\bootstrap.min.css)
	(C:\Users\Sebastián\hello-play-java\DP1-Sistema\public\css\bootstrap.min.css.map,C:\Users\Sebastián\hello-play-java\DP1-Sistema\target\scala-2.10\classes\public\css\bootstrap.min.css.map)
	(C:\Users\Sebastián\hello-play-java\DP1-Sistema\public\css\DataTable.css,C:\Users\Sebastián\hello-play-java\DP1-Sistema\target\scala-2.10\classes\public\css\DataTable.css)
	(C:\Users\Sebastián\hello-play-java\DP1-Sistema\public\css\datepicker.css,C:\Users\Sebastián\hello-play-java\DP1-Sistema\target\scala-2.10\classes\public\css\datepicker.css)
	(C:\Users\Sebastián\hello-play-java\DP1-Sistema\public\css\estilos.css,C:\Users\Sebastián\hello-play-java\DP1-Sistema\target\scala-2.10\classes\public\css\estilos.css)
	(C:\Users\Sebastián\hello-play-java\DP1-Sistema\public\css\font-awesome.css,C:\Users\Sebastián\hello-play-java\DP1-Sistema\target\scala-2.10\classes\public\css\font-awesome.css)
	(C:\Users\Sebastián\hello-play-java\DP1-Sistema\public\css\jquery.bxslider.css,C:\Users\Sebastián\hello-play-java\DP1-Sistema\target\scala-2.10\classes\public\css\jquery.bxslider.css)
	(C:\Users\Sebastián\hello-play-java\DP1-Sistema\public\css\jquery.dataTables.css,C:\Users\Sebastián\hello-play-java\DP1-Sistema\target\scala-2.10\classes\public\css\jquery.dataTables.css)
	(C:\Users\Sebastián\hello-play-java\DP1-Sistema\public\css\jquery.dataTables.min.css,C:\Users\Sebastián\hello-play-java\DP1-Sistema\target\scala-2.10\classes\public\css\jquery.dataTables.min.css)
	(C:\Users\Sebastián\hello-play-java\DP1-Sistema\public\css\MisEstilos.css,C:\Users\Sebastián\hello-play-java\DP1-Sistema\target\scala-2.10\classes\public\css\MisEstilos.css)
	(C:\Users\Sebastián\hello-play-java\DP1-Sistema\public\css\images\bg-footer.png,C:\Users\Sebastián\hello-play-java\DP1-Sistema\target\scala-2.10\classes\public\css\images\bg-footer.png)
	(C:\Users\Sebastián\hello-play-java\DP1-Sistema\public\css\images\bg-header.png,C:\Users\Sebastián\hello-play-java\DP1-Sistema\target\scala-2.10\classes\public\css\images\bg-header.png)
	(C:\Users\Sebastián\hello-play-java\DP1-Sistema\public\css\images\bx_loader.gif,C:\Users\Sebastián\hello-play-java\DP1-Sistema\target\scala-2.10\classes\public\css\images\bx_loader.gif)
	(C:\Users\Sebastián\hello-play-java\DP1-Sistema\public\css\images\club-fondo.jpg,C:\Users\Sebastián\hello-play-java\DP1-Sistema\target\scala-2.10\classes\public\css\images\club-fondo.jpg)
	(C:\Users\Sebastián\hello-play-java\DP1-Sistema\public\css\images\controls.png,C:\Users\Sebastián\hello-play-java\DP1-Sistema\target\scala-2.10\classes\public\css\images\controls.png)
	(C:\Users\Sebastián\hello-play-java\DP1-Sistema\public\css\images\cooltext179960567624339.png,C:\Users\Sebastián\hello-play-java\DP1-Sistema\target\scala-2.10\classes\public\css\images\cooltext179960567624339.png)
	(C:\Users\Sebastián\hello-play-java\DP1-Sistema\public\css\images\lines.png,C:\Users\Sebastián\hello-play-java\DP1-Sistema\target\scala-2.10\classes\public\css\images\lines.png)
	(C:\Users\Sebastián\hello-play-java\DP1-Sistema\public\css\images\login-2.jpg,C:\Users\Sebastián\hello-play-java\DP1-Sistema\target\scala-2.10\classes\public\css\images\login-2.jpg)
	(C:\Users\Sebastián\hello-play-java\DP1-Sistema\public\css\images\login.jpg,C:\Users\Sebastián\hello-play-java\DP1-Sistema\target\scala-2.10\classes\public\css\images\login.jpg)
	(C:\Users\Sebastián\hello-play-java\DP1-Sistema\public\css\images\login1.jpg,C:\Users\Sebastián\hello-play-java\DP1-Sistema\target\scala-2.10\classes\public\css\images\login1.jpg)
	(C:\Users\Sebastián\hello-play-java\DP1-Sistema\public\css\images\login2.jpg,C:\Users\Sebastián\hello-play-java\DP1-Sistema\target\scala-2.10\classes\public\css\images\login2.jpg)
	(C:\Users\Sebastián\hello-play-java\DP1-Sistema\public\css\images\logo.png,C:\Users\Sebastián\hello-play-java\DP1-Sistema\target\scala-2.10\classes\public\css\images\logo.png)
	(C:\Users\Sebastián\hello-play-java\DP1-Sistema\public\css\images\Thumbs.db,C:\Users\Sebastián\hello-play-java\DP1-Sistema\target\scala-2.10\classes\public\css\images\Thumbs.db)
	(C:\Users\Sebastián\hello-play-java\DP1-Sistema\public\fonts\fontawesome-webfont.eot,C:\Users\Sebastián\hello-play-java\DP1-Sistema\target\scala-2.10\classes\public\fonts\fontawesome-webfont.eot)
	(C:\Users\Sebastián\hello-play-java\DP1-Sistema\public\fonts\fontawesome-webfont.svg,C:\Users\Sebastián\hello-play-java\DP1-Sistema\target\scala-2.10\classes\public\fonts\fontawesome-webfont.svg)
	(C:\Users\Sebastián\hello-play-java\DP1-Sistema\public\fonts\fontawesome-webfont.ttf,C:\Users\Sebastián\hello-play-java\DP1-Sistema\target\scala-2.10\classes\public\fonts\fontawesome-webfont.ttf)
	(C:\Users\Sebastián\hello-play-java\DP1-Sistema\public\fonts\fontawesome-webfont.woff,C:\Users\Sebastián\hello-play-java\DP1-Sistema\target\scala-2.10\classes\public\fonts\fontawesome-webfont.woff)
	(C:\Users\Sebastián\hello-play-java\DP1-Sistema\public\fonts\fontawesome-webfont.woff2,C:\Users\Sebastián\hello-play-java\DP1-Sistema\target\scala-2.10\classes\public\fonts\fontawesome-webfont.woff2)
	(C:\Users\Sebastián\hello-play-java\DP1-Sistema\public\fonts\FontAwesome.otf,C:\Users\Sebastián\hello-play-java\DP1-Sistema\target\scala-2.10\classes\public\fonts\FontAwesome.otf)
	(C:\Users\Sebastián\hello-play-java\DP1-Sistema\public\fonts\glyphicons-halflings-regular.eot,C:\Users\Sebastián\hello-play-java\DP1-Sistema\target\scala-2.10\classes\public\fonts\glyphicons-halflings-regular.eot)
	(C:\Users\Sebastián\hello-play-java\DP1-Sistema\public\fonts\glyphicons-halflings-regular.svg,C:\Users\Sebastián\hello-play-java\DP1-Sistema\target\scala-2.10\classes\public\fonts\glyphicons-halflings-regular.svg)
	(C:\Users\Sebastián\hello-play-java\DP1-Sistema\public\fonts\glyphicons-halflings-regular.ttf,C:\Users\Sebastián\hello-play-java\DP1-Sistema\target\scala-2.10\classes\public\fonts\glyphicons-halflings-regular.ttf)
	(C:\Users\Sebastián\hello-play-java\DP1-Sistema\public\fonts\glyphicons-halflings-regular.woff,C:\Users\Sebastián\hello-play-java\DP1-Sistema\target\scala-2.10\classes\public\fonts\glyphicons-halflings-regular.woff)
	(C:\Users\Sebastián\hello-play-java\DP1-Sistema\public\fonts\glyphicons-halflings-regular.woff2,C:\Users\Sebastián\hello-play-java\DP1-Sistema\target\scala-2.10\classes\public\fonts\glyphicons-halflings-regular.woff2)
	(C:\Users\Sebastián\hello-play-java\DP1-Sistema\public\images\.DS_Store,C:\Users\Sebastián\hello-play-java\DP1-Sistema\target\scala-2.10\classes\public\images\.DS_Store)
	(C:\Users\Sebastián\hello-play-java\DP1-Sistema\public\images\ajedrez.jpg,C:\Users\Sebastián\hello-play-java\DP1-Sistema\target\scala-2.10\classes\public\images\ajedrez.jpg)
	(C:\Users\Sebastián\hello-play-java\DP1-Sistema\public\images\amigo.jpg,C:\Users\Sebastián\hello-play-java\DP1-Sistema\target\scala-2.10\classes\public\images\amigo.jpg)
	(C:\Users\Sebastián\hello-play-java\DP1-Sistema\public\images\back_disabled.png,C:\Users\Sebastián\hello-play-java\DP1-Sistema\target\scala-2.10\classes\public\images\back_disabled.png)
	(C:\Users\Sebastián\hello-play-java\DP1-Sistema\public\images\back_enabled.png,C:\Users\Sebastián\hello-play-java\DP1-Sistema\target\scala-2.10\classes\public\images\back_enabled.png)
	(C:\Users\Sebastián\hello-play-java\DP1-Sistema\public\images\back_enabled_hover.png,C:\Users\Sebastián\hello-play-java\DP1-Sistema\target\scala-2.10\classes\public\images\back_enabled_hover.png)
	(C:\Users\Sebastián\hello-play-java\DP1-Sistema\public\images\bungalow1.jpg,C:\Users\Sebastián\hello-play-java\DP1-Sistema\target\scala-2.10\classes\public\images\bungalow1.jpg)
	(C:\Users\Sebastián\hello-play-java\DP1-Sistema\public\images\bungalow2.jpg,C:\Users\Sebastián\hello-play-java\DP1-Sistema\target\scala-2.10\classes\public\images\bungalow2.jpg)
	(C:\Users\Sebastián\hello-play-java\DP1-Sistema\public\images\bungalow3.jpg,C:\Users\Sebastián\hello-play-java\DP1-Sistema\target\scala-2.10\classes\public\images\bungalow3.jpg)
	(C:\Users\Sebastián\hello-play-java\DP1-Sistema\public\images\bungalow4.jpg,C:\Users\Sebastián\hello-play-java\DP1-Sistema\target\scala-2.10\classes\public\images\bungalow4.jpg)
	(C:\Users\Sebastián\hello-play-java\DP1-Sistema\public\images\bungalows-1.jpg,C:\Users\Sebastián\hello-play-java\DP1-Sistema\target\scala-2.10\classes\public\images\bungalows-1.jpg)
	(C:\Users\Sebastián\hello-play-java\DP1-Sistema\public\images\bungalows-2.jpg,C:\Users\Sebastián\hello-play-java\DP1-Sistema\target\scala-2.10\classes\public\images\bungalows-2.jpg)
	(C:\Users\Sebastián\hello-play-java\DP1-Sistema\public\images\bungalows-3.jpg,C:\Users\Sebastián\hello-play-java\DP1-Sistema\target\scala-2.10\classes\public\images\bungalows-3.jpg)
	(C:\Users\Sebastián\hello-play-java\DP1-Sistema\public\images\calendar.png,C:\Users\Sebastián\hello-play-java\DP1-Sistema\target\scala-2.10\classes\public\images\calendar.png)
	(C:\Users\Sebastián\hello-play-java\DP1-Sistema\public\images\canchafutbol1.jpg,C:\Users\Sebastián\hello-play-java\DP1-Sistema\target\scala-2.10\classes\public\images\canchafutbol1.jpg)
	(C:\Users\Sebastián\hello-play-java\DP1-Sistema\public\images\canchafutbol3.jpg,C:\Users\Sebastián\hello-play-java\DP1-Sistema\target\scala-2.10\classes\public\images\canchafutbol3.jpg)
	(C:\Users\Sebastián\hello-play-java\DP1-Sistema\public\images\canchafutbol3.png,C:\Users\Sebastián\hello-play-java\DP1-Sistema\target\scala-2.10\classes\public\images\canchafutbol3.png)
	(C:\Users\Sebastián\hello-play-java\DP1-Sistema\public\images\club-fondo.jpg,C:\Users\Sebastián\hello-play-java\DP1-Sistema\target\scala-2.10\classes\public\images\club-fondo.jpg)
	(C:\Users\Sebastián\hello-play-java\DP1-Sistema\public\images\club-fondo_phixr.jpg,C:\Users\Sebastián\hello-play-java\DP1-Sistema\target\scala-2.10\classes\public\images\club-fondo_phixr.jpg)
	(C:\Users\Sebastián\hello-play-java\DP1-Sistema\public\images\conection.png,C:\Users\Sebastián\hello-play-java\DP1-Sistema\target\scala-2.10\classes\public\images\conection.png)
	(C:\Users\Sebastián\hello-play-java\DP1-Sistema\public\images\contradanza.jpg,C:\Users\Sebastián\hello-play-java\DP1-Sistema\target\scala-2.10\classes\public\images\contradanza.jpg)
	(C:\Users\Sebastián\hello-play-java\DP1-Sistema\public\images\convenios.jpg,C:\Users\Sebastián\hello-play-java\DP1-Sistema\target\scala-2.10\classes\public\images\convenios.jpg)
	(C:\Users\Sebastián\hello-play-java\DP1-Sistema\public\images\evento-cultural_1.jpg,C:\Users\Sebastián\hello-play-java\DP1-Sistema\target\scala-2.10\classes\public\images\evento-cultural_1.jpg)
	(C:\Users\Sebastián\hello-play-java\DP1-Sistema\public\images\evento-cultural_2.jpg,C:\Users\Sebastián\hello-play-java\DP1-Sistema\target\scala-2.10\classes\public\images\evento-cultural_2.jpg)
	(C:\Users\Sebastián\hello-play-java\DP1-Sistema\public\images\favicon.png,C:\Users\Sebastián\hello-play-java\DP1-Sistema\target\scala-2.10\classes\public\images\favicon.png)
	(C:\Users\Sebastián\hello-play-java\DP1-Sistema\public\images\forward_disabled.png,C:\Users\Sebastián\hello-play-java\DP1-Sistema\target\scala-2.10\classes\public\images\forward_disabled.png)
	(C:\Users\Sebastián\hello-play-java\DP1-Sistema\public\images\forward_enabled.png,C:\Users\Sebastián\hello-play-java\DP1-Sistema\target\scala-2.10\classes\public\images\forward_enabled.png)
	(C:\Users\Sebastián\hello-play-java\DP1-Sistema\public\images\forward_enabled_hover.png,C:\Users\Sebastián\hello-play-java\DP1-Sistema\target\scala-2.10\classes\public\images\forward_enabled_hover.png)
	(C:\Users\Sebastián\hello-play-java\DP1-Sistema\public\images\foto-perfil.jpg,C:\Users\Sebastián\hello-play-java\DP1-Sistema\target\scala-2.10\classes\public\images\foto-perfil.jpg)
	(C:\Users\Sebastián\hello-play-java\DP1-Sistema\public\images\grupo.jpg,C:\Users\Sebastián\hello-play-java\DP1-Sistema\target\scala-2.10\classes\public\images\grupo.jpg)
	(C:\Users\Sebastián\hello-play-java\DP1-Sistema\public\images\historico.jpeg,C:\Users\Sebastián\hello-play-java\DP1-Sistema\target\scala-2.10\classes\public\images\historico.jpeg)
	(C:\Users\Sebastián\hello-play-java\DP1-Sistema\public\images\historico.jpg,C:\Users\Sebastián\hello-play-java\DP1-Sistema\target\scala-2.10\classes\public\images\historico.jpg)
	(C:\Users\Sebastián\hello-play-java\DP1-Sistema\public\images\image.png,C:\Users\Sebastián\hello-play-java\DP1-Sistema\target\scala-2.10\classes\public\images\image.png)
	(C:\Users\Sebastián\hello-play-java\DP1-Sistema\public\images\karate.jpg,C:\Users\Sebastián\hello-play-java\DP1-Sistema\target\scala-2.10\classes\public\images\karate.jpg)
	(C:\Users\Sebastián\hello-play-java\DP1-Sistema\public\images\lines.png,C:\Users\Sebastián\hello-play-java\DP1-Sistema\target\scala-2.10\classes\public\images\lines.png)
	(C:\Users\Sebastián\hello-play-java\DP1-Sistema\public\images\logo-min.png,C:\Users\Sebastián\hello-play-java\DP1-Sistema\target\scala-2.10\classes\public\images\logo-min.png)
	(C:\Users\Sebastián\hello-play-java\DP1-Sistema\public\images\logo.png,C:\Users\Sebastián\hello-play-java\DP1-Sistema\target\scala-2.10\classes\public\images\logo.png)
	(C:\Users\Sebastián\hello-play-java\DP1-Sistema\public\images\Logo_papus.png,C:\Users\Sebastián\hello-play-java\DP1-Sistema\target\scala-2.10\classes\public\images\Logo_papus.png)
	(C:\Users\Sebastián\hello-play-java\DP1-Sistema\public\images\Logo_pie.png,C:\Users\Sebastián\hello-play-java\DP1-Sistema\target\scala-2.10\classes\public\images\Logo_pie.png)
	(C:\Users\Sebastián\hello-play-java\DP1-Sistema\public\images\lupa.png,C:\Users\Sebastián\hello-play-java\DP1-Sistema\target\scala-2.10\classes\public\images\lupa.png)
	(C:\Users\Sebastián\hello-play-java\DP1-Sistema\public\images\natacion.jpg,C:\Users\Sebastián\hello-play-java\DP1-Sistema\target\scala-2.10\classes\public\images\natacion.jpg)
	(C:\Users\Sebastián\hello-play-java\DP1-Sistema\public\images\padre.jpg,C:\Users\Sebastián\hello-play-java\DP1-Sistema\target\scala-2.10\classes\public\images\padre.jpg)
	(C:\Users\Sebastián\hello-play-java\DP1-Sistema\public\images\papushistory.jpg,C:\Users\Sebastián\hello-play-java\DP1-Sistema\target\scala-2.10\classes\public\images\papushistory.jpg)
	(C:\Users\Sebastián\hello-play-java\DP1-Sistema\public\images\papushistory1.jpg,C:\Users\Sebastián\hello-play-java\DP1-Sistema\target\scala-2.10\classes\public\images\papushistory1.jpg)
	(C:\Users\Sebastián\hello-play-java\DP1-Sistema\public\images\person.png,C:\Users\Sebastián\hello-play-java\DP1-Sistema\target\scala-2.10\classes\public\images\person.png)
	(C:\Users\Sebastián\hello-play-java\DP1-Sistema\public\images\phpseniors.jpg,C:\Users\Sebastián\hello-play-java\DP1-Sistema\target\scala-2.10\classes\public\images\phpseniors.jpg)
	(C:\Users\Sebastián\hello-play-java\DP1-Sistema\public\images\punto.png,C:\Users\Sebastián\hello-play-java\DP1-Sistema\target\scala-2.10\classes\public\images\punto.png)
	(C:\Users\Sebastián\hello-play-java\DP1-Sistema\public\images\reglamento.jpg,C:\Users\Sebastián\hello-play-java\DP1-Sistema\target\scala-2.10\classes\public\images\reglamento.jpg)
	(C:\Users\Sebastián\hello-play-java\DP1-Sistema\public\images\remo.jpg,C:\Users\Sebastián\hello-play-java\DP1-Sistema\target\scala-2.10\classes\public\images\remo.jpg)
	(C:\Users\Sebastián\hello-play-java\DP1-Sistema\public\images\restaurante.png,C:\Users\Sebastián\hello-play-java\DP1-Sistema\target\scala-2.10\classes\public\images\restaurante.png)
	(C:\Users\Sebastián\hello-play-java\DP1-Sistema\public\images\rugby.jpg,C:\Users\Sebastián\hello-play-java\DP1-Sistema\target\scala-2.10\classes\public\images\rugby.jpg)
	(C:\Users\Sebastián\hello-play-java\DP1-Sistema\public\images\sort_asc.png,C:\Users\Sebastián\hello-play-java\DP1-Sistema\target\scala-2.10\classes\public\images\sort_asc.png)
	(C:\Users\Sebastián\hello-play-java\DP1-Sistema\public\images\sort_asc_disabled.png,C:\Users\Sebastián\hello-play-java\DP1-Sistema\target\scala-2.10\classes\public\images\sort_asc_disabled.png)
	(C:\Users\Sebastián\hello-play-java\DP1-Sistema\public\images\sort_both.png,C:\Users\Sebastián\hello-play-java\DP1-Sistema\target\scala-2.10\classes\public\images\sort_both.png)
	(C:\Users\Sebastián\hello-play-java\DP1-Sistema\public\images\sort_desc.png,C:\Users\Sebastián\hello-play-java\DP1-Sistema\target\scala-2.10\classes\public\images\sort_desc.png)
	(C:\Users\Sebastián\hello-play-java\DP1-Sistema\public\images\sort_desc_disabled.png,C:\Users\Sebastián\hello-play-java\DP1-Sistema\target\scala-2.10\classes\public\images\sort_desc_disabled.png)
	(C:\Users\Sebastián\hello-play-java\DP1-Sistema\public\images\teatro.jpg,C:\Users\Sebastián\hello-play-java\DP1-Sistema\target\scala-2.10\classes\public\images\teatro.jpg)
	(C:\Users\Sebastián\hello-play-java\DP1-Sistema\public\images\tennis.jpg,C:\Users\Sebastián\hello-play-java\DP1-Sistema\target\scala-2.10\classes\public\images\tennis.jpg)
	(C:\Users\Sebastián\hello-play-java\DP1-Sistema\public\images\Thumbs.db,C:\Users\Sebastián\hello-play-java\DP1-Sistema\target\scala-2.10\classes\public\images\Thumbs.db)
	(C:\Users\Sebastián\hello-play-java\DP1-Sistema\public\images\yoga.jpg,C:\Users\Sebastián\hello-play-java\DP1-Sistema\target\scala-2.10\classes\public\images\yoga.jpg)
	(C:\Users\Sebastián\hello-play-java\DP1-Sistema\public\js\bootstrap-datepicker-sirve.js,C:\Users\Sebastián\hello-play-java\DP1-Sistema\target\scala-2.10\classes\public\js\bootstrap-datepicker-sirve.js)
	(C:\Users\Sebastián\hello-play-java\DP1-Sistema\public\js\bootstrap-datepicker.es.min.js,C:\Users\Sebastián\hello-play-java\DP1-Sistema\target\scala-2.10\classes\public\js\bootstrap-datepicker.es.min.js)
	(C:\Users\Sebastián\hello-play-java\DP1-Sistema\public\js\bootstrap-datepicker.js,C:\Users\Sebastián\hello-play-java\DP1-Sistema\target\scala-2.10\classes\public\js\bootstrap-datepicker.js)
	(C:\Users\Sebastián\hello-play-java\DP1-Sistema\public\js\bootstrap-datepicker.min.js,C:\Users\Sebastián\hello-play-java\DP1-Sistema\target\scala-2.10\classes\public\js\bootstrap-datepicker.min.js)
	(C:\Users\Sebastián\hello-play-java\DP1-Sistema\public\js\bootstrap.js,C:\Users\Sebastián\hello-play-java\DP1-Sistema\target\scala-2.10\classes\public\js\bootstrap.js)
	(C:\Users\Sebastián\hello-play-java\DP1-Sistema\public\js\dropdown.js,C:\Users\Sebastián\hello-play-java\DP1-Sistema\target\scala-2.10\classes\public\js\dropdown.js)
	(C:\Users\Sebastián\hello-play-java\DP1-Sistema\public\js\jquery-1.11.3.min.js,C:\Users\Sebastián\hello-play-java\DP1-Sistema\target\scala-2.10\classes\public\js\jquery-1.11.3.min.js)
	(C:\Users\Sebastián\hello-play-java\DP1-Sistema\public\js\jquery-1.12.4.min.js,C:\Users\Sebastián\hello-play-java\DP1-Sistema\target\scala-2.10\classes\public\js\jquery-1.12.4.min.js)
	(C:\Users\Sebastián\hello-play-java\DP1-Sistema\public\js\jQuery-2.1.4.min.js,C:\Users\Sebastián\hello-play-java\DP1-Sistema\target\scala-2.10\classes\public\js\jQuery-2.1.4.min.js)
	(C:\Users\Sebastián\hello-play-java\DP1-Sistema\public\js\jquery-2.2.4.min.js,C:\Users\Sebastián\hello-play-java\DP1-Sistema\target\scala-2.10\classes\public\js\jquery-2.2.4.min.js)
	(C:\Users\Sebastián\hello-play-java\DP1-Sistema\public\js\jquery-3.0.0.js,C:\Users\Sebastián\hello-play-java\DP1-Sistema\target\scala-2.10\classes\public\js\jquery-3.0.0.js)
	(C:\Users\Sebastián\hello-play-java\DP1-Sistema\public\js\jquery-3.0.0.min.js,C:\Users\Sebastián\hello-play-java\DP1-Sistema\target\scala-2.10\classes\public\js\jquery-3.0.0.min.js)
	(C:\Users\Sebastián\hello-play-java\DP1-Sistema\public\js\jquery.bxslider.min.js,C:\Users\Sebastián\hello-play-java\DP1-Sistema\target\scala-2.10\classes\public\js\jquery.bxslider.min.js)
	(C:\Users\Sebastián\hello-play-java\DP1-Sistema\public\js\jquery.dataTables.js,C:\Users\Sebastián\hello-play-java\DP1-Sistema\target\scala-2.10\classes\public\js\jquery.dataTables.js)
	(C:\Users\Sebastián\hello-play-java\DP1-Sistema\public\js\jquery.dataTables.min.js,C:\Users\Sebastián\hello-play-java\DP1-Sistema\target\scala-2.10\classes\public\js\jquery.dataTables.min.js)
	(C:\Users\Sebastián\hello-play-java\DP1-Sistema\public\js\jquery.validate.min.js,C:\Users\Sebastián\hello-play-java\DP1-Sistema\target\scala-2.10\classes\public\js\jquery.validate.min.js)
	(C:\Users\Sebastián\hello-play-java\DP1-Sistema\public\js\MisScripts.js,C:\Users\Sebastián\hello-play-java\DP1-Sistema\target\scala-2.10\classes\public\js\MisScripts.js)
	(C:\Users\Sebastián\hello-play-java\DP1-Sistema\public\js\npm.js,C:\Users\Sebastián\hello-play-java\DP1-Sistema\target\scala-2.10\classes\public\js\npm.js)
	(C:\Users\Sebastián\hello-play-java\DP1-Sistema\public\js\scripts.js,C:\Users\Sebastián\hello-play-java\DP1-Sistema\target\scala-2.10\classes\public\js\scripts.js)
	(C:\Users\Sebastián\hello-play-java\DP1-Sistema\public\locales\bootstrap-datepicker.ar.min.js,C:\Users\Sebastián\hello-play-java\DP1-Sistema\target\scala-2.10\classes\public\locales\bootstrap-datepicker.ar.min.js)
	(C:\Users\Sebastián\hello-play-java\DP1-Sistema\public\locales\bootstrap-datepicker.az.min.js,C:\Users\Sebastián\hello-play-java\DP1-Sistema\target\scala-2.10\classes\public\locales\bootstrap-datepicker.az.min.js)
	(C:\Users\Sebastián\hello-play-java\DP1-Sistema\public\locales\bootstrap-datepicker.bg.min.js,C:\Users\Sebastián\hello-play-java\DP1-Sistema\target\scala-2.10\classes\public\locales\bootstrap-datepicker.bg.min.js)
	(C:\Users\Sebastián\hello-play-java\DP1-Sistema\public\locales\bootstrap-datepicker.bs.min.js,C:\Users\Sebastián\hello-play-java\DP1-Sistema\target\scala-2.10\classes\public\locales\bootstrap-datepicker.bs.min.js)
	(C:\Users\Sebastián\hello-play-java\DP1-Sistema\public\locales\bootstrap-datepicker.ca.min.js,C:\Users\Sebastián\hello-play-java\DP1-Sistema\target\scala-2.10\classes\public\locales\bootstrap-datepicker.ca.min.js)
	(C:\Users\Sebastián\hello-play-java\DP1-Sistema\public\locales\bootstrap-datepicker.cs.min.js,C:\Users\Sebastián\hello-play-java\DP1-Sistema\target\scala-2.10\classes\public\locales\bootstrap-datepicker.cs.min.js)
	(C:\Users\Sebastián\hello-play-java\DP1-Sistema\public\locales\bootstrap-datepicker.cy.min.js,C:\Users\Sebastián\hello-play-java\DP1-Sistema\target\scala-2.10\classes\public\locales\bootstrap-datepicker.cy.min.js)
	(C:\Users\Sebastián\hello-play-java\DP1-Sistema\public\locales\bootstrap-datepicker.da.min.js,C:\Users\Sebastián\hello-play-java\DP1-Sistema\target\scala-2.10\classes\public\locales\bootstrap-datepicker.da.min.js)
	(C:\Users\Sebastián\hello-play-java\DP1-Sistema\public\locales\bootstrap-datepicker.de.min.js,C:\Users\Sebastián\hello-play-java\DP1-Sistema\target\scala-2.10\classes\public\locales\bootstrap-datepicker.de.min.js)
	(C:\Users\Sebastián\hello-play-java\DP1-Sistema\public\locales\bootstrap-datepicker.el.min.js,C:\Users\Sebastián\hello-play-java\DP1-Sistema\target\scala-2.10\classes\public\locales\bootstrap-datepicker.el.min.js)
	(C:\Users\Sebastián\hello-play-java\DP1-Sistema\public\locales\bootstrap-datepicker.en-AU.min.js,C:\Users\Sebastián\hello-play-java\DP1-Sistema\target\scala-2.10\classes\public\locales\bootstrap-datepicker.en-AU.min.js)
	(C:\Users\Sebastián\hello-play-java\DP1-Sistema\public\locales\bootstrap-datepicker.en-GB.min.js,C:\Users\Sebastián\hello-play-java\DP1-Sistema\target\scala-2.10\classes\public\locales\bootstrap-datepicker.en-GB.min.js)
	(C:\Users\Sebastián\hello-play-java\DP1-Sistema\public\locales\bootstrap-datepicker.eo.min.js,C:\Users\Sebastián\hello-play-java\DP1-Sistema\target\scala-2.10\classes\public\locales\bootstrap-datepicker.eo.min.js)
	(C:\Users\Sebastián\hello-play-java\DP1-Sistema\public\locales\bootstrap-datepicker.es.min.js,C:\Users\Sebastián\hello-play-java\DP1-Sistema\target\scala-2.10\classes\public\locales\bootstrap-datepicker.es.min.js)
	(C:\Users\Sebastián\hello-play-java\DP1-Sistema\public\locales\bootstrap-datepicker.et.min.js,C:\Users\Sebastián\hello-play-java\DP1-Sistema\target\scala-2.10\classes\public\locales\bootstrap-datepicker.et.min.js)
	(C:\Users\Sebastián\hello-play-java\DP1-Sistema\public\locales\bootstrap-datepicker.eu.min.js,C:\Users\Sebastián\hello-play-java\DP1-Sistema\target\scala-2.10\classes\public\locales\bootstrap-datepicker.eu.min.js)
	(C:\Users\Sebastián\hello-play-java\DP1-Sistema\public\locales\bootstrap-datepicker.fa.min.js,C:\Users\Sebastián\hello-play-java\DP1-Sistema\target\scala-2.10\classes\public\locales\bootstrap-datepicker.fa.min.js)
	(C:\Users\Sebastián\hello-play-java\DP1-Sistema\public\locales\bootstrap-datepicker.fi.min.js,C:\Users\Sebastián\hello-play-java\DP1-Sistema\target\scala-2.10\classes\public\locales\bootstrap-datepicker.fi.min.js)
	(C:\Users\Sebastián\hello-play-java\DP1-Sistema\public\locales\bootstrap-datepicker.fo.min.js,C:\Users\Sebastián\hello-play-java\DP1-Sistema\target\scala-2.10\classes\public\locales\bootstrap-datepicker.fo.min.js)
	(C:\Users\Sebastián\hello-play-java\DP1-Sistema\public\locales\bootstrap-datepicker.fr-CH.min.js,C:\Users\Sebastián\hello-play-java\DP1-Sistema\target\scala-2.10\classes\public\locales\bootstrap-datepicker.fr-CH.min.js)
	(C:\Users\Sebastián\hello-play-java\DP1-Sistema\public\locales\bootstrap-datepicker.fr.min.js,C:\Users\Sebastián\hello-play-java\DP1-Sistema\target\scala-2.10\classes\public\locales\bootstrap-datepicker.fr.min.js)
	(C:\Users\Sebastián\hello-play-java\DP1-Sistema\public\locales\bootstrap-datepicker.gl.min.js,C:\Users\Sebastián\hello-play-java\DP1-Sistema\target\scala-2.10\classes\public\locales\bootstrap-datepicker.gl.min.js)
	(C:\Users\Sebastián\hello-play-java\DP1-Sistema\public\locales\bootstrap-datepicker.he.min.js,C:\Users\Sebastián\hello-play-java\DP1-Sistema\target\scala-2.10\classes\public\locales\bootstrap-datepicker.he.min.js)
	(C:\Users\Sebastián\hello-play-java\DP1-Sistema\public\locales\bootstrap-datepicker.hr.min.js,C:\Users\Sebastián\hello-play-java\DP1-Sistema\target\scala-2.10\classes\public\locales\bootstrap-datepicker.hr.min.js)
	(C:\Users\Sebastián\hello-play-java\DP1-Sistema\public\locales\bootstrap-datepicker.hu.min.js,C:\Users\Sebastián\hello-play-java\DP1-Sistema\target\scala-2.10\classes\public\locales\bootstrap-datepicker.hu.min.js)
	(C:\Users\Sebastián\hello-play-java\DP1-Sistema\public\locales\bootstrap-datepicker.hy.min.js,C:\Users\Sebastián\hello-play-java\DP1-Sistema\target\scala-2.10\classes\public\locales\bootstrap-datepicker.hy.min.js)
	(C:\Users\Sebastián\hello-play-java\DP1-Sistema\public\locales\bootstrap-datepicker.id.min.js,C:\Users\Sebastián\hello-play-java\DP1-Sistema\target\scala-2.10\classes\public\locales\bootstrap-datepicker.id.min.js)
	(C:\Users\Sebastián\hello-play-java\DP1-Sistema\public\locales\bootstrap-datepicker.is.min.js,C:\Users\Sebastián\hello-play-java\DP1-Sistema\target\scala-2.10\classes\public\locales\bootstrap-datepicker.is.min.js)
	(C:\Users\Sebastián\hello-play-java\DP1-Sistema\public\locales\bootstrap-datepicker.it-CH.min.js,C:\Users\Sebastián\hello-play-java\DP1-Sistema\target\scala-2.10\classes\public\locales\bootstrap-datepicker.it-CH.min.js)
	(C:\Users\Sebastián\hello-play-java\DP1-Sistema\public\locales\bootstrap-datepicker.it.min.js,C:\Users\Sebastián\hello-play-java\DP1-Sistema\target\scala-2.10\classes\public\locales\bootstrap-datepicker.it.min.js)
	(C:\Users\Sebastián\hello-play-java\DP1-Sistema\public\locales\bootstrap-datepicker.ja.min.js,C:\Users\Sebastián\hello-play-java\DP1-Sistema\target\scala-2.10\classes\public\locales\bootstrap-datepicker.ja.min.js)
	(C:\Users\Sebastián\hello-play-java\DP1-Sistema\public\locales\bootstrap-datepicker.ka.min.js,C:\Users\Sebastián\hello-play-java\DP1-Sistema\target\scala-2.10\classes\public\locales\bootstrap-datepicker.ka.min.js)
	(C:\Users\Sebastián\hello-play-java\DP1-Sistema\public\locales\bootstrap-datepicker.kh.min.js,C:\Users\Sebastián\hello-play-java\DP1-Sistema\target\scala-2.10\classes\public\locales\bootstrap-datepicker.kh.min.js)
	(C:\Users\Sebastián\hello-play-java\DP1-Sistema\public\locales\bootstrap-datepicker.kk.min.js,C:\Users\Sebastián\hello-play-java\DP1-Sistema\target\scala-2.10\classes\public\locales\bootstrap-datepicker.kk.min.js)
	(C:\Users\Sebastián\hello-play-java\DP1-Sistema\public\locales\bootstrap-datepicker.ko.min.js,C:\Users\Sebastián\hello-play-java\DP1-Sistema\target\scala-2.10\classes\public\locales\bootstrap-datepicker.ko.min.js)
	(C:\Users\Sebastián\hello-play-java\DP1-Sistema\public\locales\bootstrap-datepicker.kr.min.js,C:\Users\Sebastián\hello-play-java\DP1-Sistema\target\scala-2.10\classes\public\locales\bootstrap-datepicker.kr.min.js)
	(C:\Users\Sebastián\hello-play-java\DP1-Sistema\public\locales\bootstrap-datepicker.lt.min.js,C:\Users\Sebastián\hello-play-java\DP1-Sistema\target\scala-2.10\classes\public\locales\bootstrap-datepicker.lt.min.js)
	(C:\Users\Sebastián\hello-play-java\DP1-Sistema\public\locales\bootstrap-datepicker.lv.min.js,C:\Users\Sebastián\hello-play-java\DP1-Sistema\target\scala-2.10\classes\public\locales\bootstrap-datepicker.lv.min.js)
	(C:\Users\Sebastián\hello-play-java\DP1-Sistema\public\locales\bootstrap-datepicker.me.min.js,C:\Users\Sebastián\hello-play-java\DP1-Sistema\target\scala-2.10\classes\public\locales\bootstrap-datepicker.me.min.js)
	(C:\Users\Sebastián\hello-play-java\DP1-Sistema\public\locales\bootstrap-datepicker.mk.min.js,C:\Users\Sebastián\hello-play-java\DP1-Sistema\target\scala-2.10\classes\public\locales\bootstrap-datepicker.mk.min.js)
	(C:\Users\Sebastián\hello-play-java\DP1-Sistema\public\locales\bootstrap-datepicker.mn.min.js,C:\Users\Sebastián\hello-play-java\DP1-Sistema\target\scala-2.10\classes\public\locales\bootstrap-datepicker.mn.min.js)
	(C:\Users\Sebastián\hello-play-java\DP1-Sistema\public\locales\bootstrap-datepicker.ms.min.js,C:\Users\Sebastián\hello-play-java\DP1-Sistema\target\scala-2.10\classes\public\locales\bootstrap-datepicker.ms.min.js)
	(C:\Users\Sebastián\hello-play-java\DP1-Sistema\public\locales\bootstrap-datepicker.nb.min.js,C:\Users\Sebastián\hello-play-java\DP1-Sistema\target\scala-2.10\classes\public\locales\bootstrap-datepicker.nb.min.js)
	(C:\Users\Sebastián\hello-play-java\DP1-Sistema\public\locales\bootstrap-datepicker.nl-BE.min.js,C:\Users\Sebastián\hello-play-java\DP1-Sistema\target\scala-2.10\classes\public\locales\bootstrap-datepicker.nl-BE.min.js)
	(C:\Users\Sebastián\hello-play-java\DP1-Sistema\public\locales\bootstrap-datepicker.nl.min.js,C:\Users\Sebastián\hello-play-java\DP1-Sistema\target\scala-2.10\classes\public\locales\bootstrap-datepicker.nl.min.js)
	(C:\Users\Sebastián\hello-play-java\DP1-Sistema\public\locales\bootstrap-datepicker.no.min.js,C:\Users\Sebastián\hello-play-java\DP1-Sistema\target\scala-2.10\classes\public\locales\bootstrap-datepicker.no.min.js)
	(C:\Users\Sebastián\hello-play-java\DP1-Sistema\public\locales\bootstrap-datepicker.pl.min.js,C:\Users\Sebastián\hello-play-java\DP1-Sistema\target\scala-2.10\classes\public\locales\bootstrap-datepicker.pl.min.js)
	(C:\Users\Sebastián\hello-play-java\DP1-Sistema\public\locales\bootstrap-datepicker.pt-BR.min.js,C:\Users\Sebastián\hello-play-java\DP1-Sistema\target\scala-2.10\classes\public\locales\bootstrap-datepicker.pt-BR.min.js)
	(C:\Users\Sebastián\hello-play-java\DP1-Sistema\public\locales\bootstrap-datepicker.pt.min.js,C:\Users\Sebastián\hello-play-java\DP1-Sistema\target\scala-2.10\classes\public\locales\bootstrap-datepicker.pt.min.js)
	(C:\Users\Sebastián\hello-play-java\DP1-Sistema\public\locales\bootstrap-datepicker.ro.min.js,C:\Users\Sebastián\hello-play-java\DP1-Sistema\target\scala-2.10\classes\public\locales\bootstrap-datepicker.ro.min.js)
	(C:\Users\Sebastián\hello-play-java\DP1-Sistema\public\locales\bootstrap-datepicker.rs-latin.min.js,C:\Users\Sebastián\hello-play-java\DP1-Sistema\target\scala-2.10\classes\public\locales\bootstrap-datepicker.rs-latin.min.js)
	(C:\Users\Sebastián\hello-play-java\DP1-Sistema\public\locales\bootstrap-datepicker.rs.min.js,C:\Users\Sebastián\hello-play-java\DP1-Sistema\target\scala-2.10\classes\public\locales\bootstrap-datepicker.rs.min.js)
	(C:\Users\Sebastián\hello-play-java\DP1-Sistema\public\locales\bootstrap-datepicker.ru.min.js,C:\Users\Sebastián\hello-play-java\DP1-Sistema\target\scala-2.10\classes\public\locales\bootstrap-datepicker.ru.min.js)
	(C:\Users\Sebastián\hello-play-java\DP1-Sistema\public\locales\bootstrap-datepicker.sk.min.js,C:\Users\Sebastián\hello-play-java\DP1-Sistema\target\scala-2.10\classes\public\locales\bootstrap-datepicker.sk.min.js)
	(C:\Users\Sebastián\hello-play-java\DP1-Sistema\public\locales\bootstrap-datepicker.sl.min.js,C:\Users\Sebastián\hello-play-java\DP1-Sistema\target\scala-2.10\classes\public\locales\bootstrap-datepicker.sl.min.js)
	(C:\Users\Sebastián\hello-play-java\DP1-Sistema\public\locales\bootstrap-datepicker.sq.min.js,C:\Users\Sebastián\hello-play-java\DP1-Sistema\target\scala-2.10\classes\public\locales\bootstrap-datepicker.sq.min.js)
	(C:\Users\Sebastián\hello-play-java\DP1-Sistema\public\locales\bootstrap-datepicker.sr-latin.min.js,C:\Users\Sebastián\hello-play-java\DP1-Sistema\target\scala-2.10\classes\public\locales\bootstrap-datepicker.sr-latin.min.js)
	(C:\Users\Sebastián\hello-play-java\DP1-Sistema\public\locales\bootstrap-datepicker.sr.min.js,C:\Users\Sebastián\hello-play-java\DP1-Sistema\target\scala-2.10\classes\public\locales\bootstrap-datepicker.sr.min.js)
	(C:\Users\Sebastián\hello-play-java\DP1-Sistema\public\locales\bootstrap-datepicker.sv.min.js,C:\Users\Sebastián\hello-play-java\DP1-Sistema\target\scala-2.10\classes\public\locales\bootstrap-datepicker.sv.min.js)
	(C:\Users\Sebastián\hello-play-java\DP1-Sistema\public\locales\bootstrap-datepicker.sw.min.js,C:\Users\Sebastián\hello-play-java\DP1-Sistema\target\scala-2.10\classes\public\locales\bootstrap-datepicker.sw.min.js)
	(C:\Users\Sebastián\hello-play-java\DP1-Sistema\public\locales\bootstrap-datepicker.th.min.js,C:\Users\Sebastián\hello-play-java\DP1-Sistema\target\scala-2.10\classes\public\locales\bootstrap-datepicker.th.min.js)
	(C:\Users\Sebastián\hello-play-java\DP1-Sistema\public\locales\bootstrap-datepicker.tr.min.js,C:\Users\Sebastián\hello-play-java\DP1-Sistema\target\scala-2.10\classes\public\locales\bootstrap-datepicker.tr.min.js)
	(C:\Users\Sebastián\hello-play-java\DP1-Sistema\public\locales\bootstrap-datepicker.uk.min.js,C:\Users\Sebastián\hello-play-java\DP1-Sistema\target\scala-2.10\classes\public\locales\bootstrap-datepicker.uk.min.js)
	(C:\Users\Sebastián\hello-play-java\DP1-Sistema\public\locales\bootstrap-datepicker.vi.min.js,C:\Users\Sebastián\hello-play-java\DP1-Sistema\target\scala-2.10\classes\public\locales\bootstrap-datepicker.vi.min.js)
	(C:\Users\Sebastián\hello-play-java\DP1-Sistema\public\locales\bootstrap-datepicker.zh-CN.min.js,C:\Users\Sebastián\hello-play-java\DP1-Sistema\target\scala-2.10\classes\public\locales\bootstrap-datepicker.zh-CN.min.js)
	(C:\Users\Sebastián\hello-play-java\DP1-Sistema\public\locales\bootstrap-datepicker.zh-TW.min.js,C:\Users\Sebastián\hello-play-java\DP1-Sistema\target\scala-2.10\classes\public\locales\bootstrap-datepicker.zh-TW.min.js)
	(C:\Users\Sebastián\hello-play-java\DP1-Sistema\public\locales\Spanish.json,C:\Users\Sebastián\hello-play-java\DP1-Sistema\target\scala-2.10\classes\public\locales\Spanish.json)
Total time: 0 s, completed 24/10/2016 11:33:09 AM
> server-post-command-cleanup
> server-handle-next-server-request
Play server process ID is 8712
[info] play - Application started (Prod)
[info] play - Listening for HTTP on /0:0:0:0:0:0:0:0:9000
